

================================================================
== Vivado HLS Report for 'Block_codeRepl6_proc'
================================================================
* Date:           Sun Apr 21 19:20:42 2019

* Version:        2017.4 (Build 2086221 on Fri Dec 15 21:13:33 MST 2017)
* Project:        my_ip_hls
* Solution:       solution1
* Product family: zynq
* Target device:  xc7z045ffg900-2


================================================================
== Performance Estimates
================================================================
+ Timing (ns): 
    * Summary: 
    +--------+-------+----------+------------+
    |  Clock | Target| Estimated| Uncertainty|
    +--------+-------+----------+------------+
    |ap_clk  |  10.00|      6.80|        1.25|
    +--------+-------+----------+------------+

+ Latency (clock cycles): 
    * Summary: 
    +-----+-----+-----+-----+---------+
    |  Latency  |  Interval | Pipeline|
    | min | max | min | max |   Type  |
    +-----+-----+-----+-----+---------+
    |    0|    0|    0|    0|   none  |
    +-----+-----+-----+-----+---------+

    + Detail: 
        * Instance: 
        N/A

        * Loop: 
        N/A



================================================================
== Utilization Estimates
================================================================
* Summary: 
+-----------------+---------+-------+--------+--------+
|       Name      | BRAM_18K| DSP48E|   FF   |   LUT  |
+-----------------+---------+-------+--------+--------+
|DSP              |        -|      -|       -|       -|
|Expression       |        -|      -|       0|       8|
|FIFO             |        -|      -|       -|       -|
|Instance         |        -|      -|       -|       -|
|Memory           |        -|      -|       -|       -|
|Multiplexer      |        -|      -|       -|      63|
|Register         |        -|      -|       2|       -|
+-----------------+---------+-------+--------+--------+
|Total            |        0|      0|       2|      71|
+-----------------+---------+-------+--------+--------+
|Available        |     1090|    900|  437200|  218600|
+-----------------+---------+-------+--------+--------+
|Utilization (%)  |        0|      0|   ~0   |   ~0   |
+-----------------+---------+-------+--------+--------+

+ Detail: 
    * Instance: 
    N/A

    * DSP48: 
    N/A

    * Memory: 
    N/A

    * FIFO: 
    N/A

    * Expression: 
    +-----------------+----------+-------+---+----+------------+------------+
    |  Variable Name  | Operation| DSP48E| FF| LUT| Bitwidth P0| Bitwidth P1|
    +-----------------+----------+-------+---+----+------------+------------+
    |ap_block_state1  |    or    |      0|  0|   8|           1|           1|
    +-----------------+----------+-------+---+----+------------+------------+
    |Total            |          |      0|  0|   8|           1|           1|
    +-----------------+----------+-------+---+----+------------+------------+

    * Multiplexer: 
    +--------------------------+----+-----------+-----+-----------+
    |           Name           | LUT| Input Size| Bits| Total Bits|
    +--------------------------+----+-----------+-----+-----------+
    |ap_done                   |   9|          2|    1|          2|
    |rule1cnt_V_blk_n          |   9|          2|    1|          2|
    |rule1cnt_V_buf_out_blk_n  |   9|          2|    1|          2|
    |rule2cnt_V_blk_n          |   9|          2|    1|          2|
    |rule2cnt_V_buf_out_blk_n  |   9|          2|    1|          2|
    |rule3cnt_V_blk_n          |   9|          2|    1|          2|
    |rule3cnt_V_buf_out_blk_n  |   9|          2|    1|          2|
    +--------------------------+----+-----------+-----+-----------+
    |Total                     |  63|         14|    7|         14|
    +--------------------------+----+-----------+-----+-----------+

    * Register: 
    +-------------+---+----+-----+-----------+
    |     Name    | FF| LUT| Bits| Const Bits|
    +-------------+---+----+-----+-----------+
    |ap_CS_fsm    |  1|   0|    1|          0|
    |ap_done_reg  |  1|   0|    1|          0|
    +-------------+---+----+-----+-----------+
    |Total        |  2|   0|    2|          0|
    +-------------+---+----+-----+-----------+



================================================================
== Interface
================================================================
* Summary: 
+---------------------------+-----+-----+------------+----------------------+--------------+
|         RTL Ports         | Dir | Bits|  Protocol  |     Source Object    |    C Type    |
+---------------------------+-----+-----+------------+----------------------+--------------+
|ap_clk                     |  in |    1| ap_ctrl_hs | Block_codeRepl6_proc | return value |
|ap_rst                     |  in |    1| ap_ctrl_hs | Block_codeRepl6_proc | return value |
|ap_start                   |  in |    1| ap_ctrl_hs | Block_codeRepl6_proc | return value |
|ap_done                    | out |    1| ap_ctrl_hs | Block_codeRepl6_proc | return value |
|ap_continue                |  in |    1| ap_ctrl_hs | Block_codeRepl6_proc | return value |
|ap_idle                    | out |    1| ap_ctrl_hs | Block_codeRepl6_proc | return value |
|ap_ready                   | out |    1| ap_ctrl_hs | Block_codeRepl6_proc | return value |
|rule3cnt_V_dout            |  in |   32|   ap_fifo  |      rule3cnt_V      |    pointer   |
|rule3cnt_V_empty_n         |  in |    1|   ap_fifo  |      rule3cnt_V      |    pointer   |
|rule3cnt_V_read            | out |    1|   ap_fifo  |      rule3cnt_V      |    pointer   |
|rule2cnt_V_dout            |  in |   32|   ap_fifo  |      rule2cnt_V      |    pointer   |
|rule2cnt_V_empty_n         |  in |    1|   ap_fifo  |      rule2cnt_V      |    pointer   |
|rule2cnt_V_read            | out |    1|   ap_fifo  |      rule2cnt_V      |    pointer   |
|rule1cnt_V_dout            |  in |   32|   ap_fifo  |      rule1cnt_V      |    pointer   |
|rule1cnt_V_empty_n         |  in |    1|   ap_fifo  |      rule1cnt_V      |    pointer   |
|rule1cnt_V_read            | out |    1|   ap_fifo  |      rule1cnt_V      |    pointer   |
|rule3cnt_V_buf_out_din     | out |   32|   ap_fifo  |  rule3cnt_V_buf_out  |    pointer   |
|rule3cnt_V_buf_out_full_n  |  in |    1|   ap_fifo  |  rule3cnt_V_buf_out  |    pointer   |
|rule3cnt_V_buf_out_write   | out |    1|   ap_fifo  |  rule3cnt_V_buf_out  |    pointer   |
|rule2cnt_V_buf_out_din     | out |   32|   ap_fifo  |  rule2cnt_V_buf_out  |    pointer   |
|rule2cnt_V_buf_out_full_n  |  in |    1|   ap_fifo  |  rule2cnt_V_buf_out  |    pointer   |
|rule2cnt_V_buf_out_write   | out |    1|   ap_fifo  |  rule2cnt_V_buf_out  |    pointer   |
|rule1cnt_V_buf_out_din     | out |   32|   ap_fifo  |  rule1cnt_V_buf_out  |    pointer   |
|rule1cnt_V_buf_out_full_n  |  in |    1|   ap_fifo  |  rule1cnt_V_buf_out  |    pointer   |
|rule1cnt_V_buf_out_write   | out |    1|   ap_fifo  |  rule1cnt_V_buf_out  |    pointer   |
+---------------------------+-----+-----+------------+----------------------+--------------+

