

================================================================
== Vivado HLS Report for 'my_ip_hls'
================================================================
* Date:           Sun Apr 21 19:20:49 2019

* Version:        2017.4 (Build 2086221 on Fri Dec 15 21:13:33 MST 2017)
* Project:        my_ip_hls
* Solution:       solution1
* Product family: zynq
* Target device:  xc7z045ffg900-2


================================================================
== Performance Estimates
================================================================
+ Timing (ns): 
    * Summary: 
    +--------+-------+----------+------------+
    |  Clock | Target| Estimated| Uncertainty|
    +--------+-------+----------+------------+
    |ap_clk  |  10.00|      6.95|        1.25|
    +--------+-------+----------+------------+

+ Latency (clock cycles): 
    * Summary: 
    +-----+-----+-----+-----+----------+
    |  Latency  |  Interval | Pipeline |
    | min | max | min | max |   Type   |
    +-----+-----+-----+-----+----------+
    |    7|    7|    1|    1| dataflow |
    +-----+-----+-----+-----+----------+

    + Detail: 
        * Instance: 
        +-------------------------+----------------------+-----+-----+-----+-----+----------+
        |                         |                      |  Latency  |  Interval | Pipeline |
        |         Instance        |        Module        | min | max | min | max |   Type   |
        +-------------------------+----------------------+-----+-----+-----+-----+----------+
        |core_U0                  |core                  |    1|    1|    1|    1| function |
        |ps2ip_fifo_U0            |ps2ip_fifo            |    1|    1|    1|    1| function |
        |ip2ps_fifo_U0            |ip2ps_fifo            |    2|    2|    1|    1| function |
        |okanonas284_U0           |okanonas284           |    0|    0|    0|    0|   none   |
        |okanonas285_U0           |okanonas285           |    0|    0|    0|    0|   none   |
        |okanonas2_U0             |okanonas2             |    0|    0|    0|    0|   none   |
        |my_ip_hls_entry3_U0      |my_ip_hls_entry3      |    0|    0|    0|    0|   none   |
        |my_ip_hls_entry90_U0     |my_ip_hls_entry90     |    0|    0|    0|    0|   none   |
        |Block_codeRepl6_proc_U0  |Block_codeRepl6_proc  |    0|    0|    0|    0|   none   |
        |okanonas82_U0            |okanonas82            |    0|    0|    0|    0|   none   |
        |okanonas83_U0            |okanonas83            |    0|    0|    0|    0|   none   |
        |okanonas_U0              |okanonas              |    0|    0|    0|    0|   none   |
        +-------------------------+----------------------+-----+-----+-----+-----+----------+

        * Loop: 
        N/A



================================================================
== Utilization Estimates
================================================================
* Summary: 
+-----------------+---------+-------+--------+--------+
|       Name      | BRAM_18K| DSP48E|   FF   |   LUT  |
+-----------------+---------+-------+--------+--------+
|DSP              |        -|      -|       -|       -|
|Expression       |        -|      -|       0|      24|
|FIFO             |        4|      -|     234|    1048|
|Instance         |        0|      -|     785|    1757|
|Memory           |        -|      -|       -|       -|
|Multiplexer      |        -|      -|       -|       -|
|Register         |        -|      -|       -|       -|
+-----------------+---------+-------+--------+--------+
|Total            |        4|      0|    1019|    2829|
+-----------------+---------+-------+--------+--------+
|Available        |     1090|    900|  437200|  218600|
+-----------------+---------+-------+--------+--------+
|Utilization (%)  |    ~0   |      0|   ~0   |       1|
+-----------------+---------+-------+--------+--------+

+ Detail: 
    * Instance: 
    +-------------------------------+-----------------------------+---------+-------+-----+-----+
    |            Instance           |            Module           | BRAM_18K| DSP48E|  FF | LUT |
    +-------------------------------+-----------------------------+---------+-------+-----+-----+
    |Block_codeRepl6_proc_U0        |Block_codeRepl6_proc         |        0|      0|    2|   71|
    |core_U0                        |core                         |        0|      0|  142|  397|
    |ip2ps_fifo_U0                  |ip2ps_fifo                   |        0|      0|  131|  259|
    |my_ip_hls_entry3_U0            |my_ip_hls_entry3             |        0|      0|    3|   80|
    |my_ip_hls_entry90_U0           |my_ip_hls_entry90            |        0|      0|    3|  134|
    |my_ip_hls_ziskasrules_s_axi_U  |my_ip_hls_ziskasrules_s_axi  |        0|      0|  258|  424|
    |okanonas_U0                    |okanonas                     |        0|      0|   34|   35|
    |okanonas2_U0                   |okanonas2                    |        0|      0|   34|   65|
    |okanonas284_U0                 |okanonas284                  |        0|      0|   34|   65|
    |okanonas285_U0                 |okanonas285                  |        0|      0|   34|   65|
    |okanonas82_U0                  |okanonas82                   |        0|      0|   34|   35|
    |okanonas83_U0                  |okanonas83                   |        0|      0|   34|   35|
    |ps2ip_fifo_U0                  |ps2ip_fifo                   |        0|      0|   42|   92|
    +-------------------------------+-----------------------------+---------+-------+-----+-----+
    |Total                          |                             |        0|      0|  785| 1757|
    +-------------------------------+-----------------------------+---------+-------+-----+-----+

    * DSP48: 
    N/A

    * Memory: 
    N/A

    * FIFO: 
    +----------------------+---------+----+----+------+-----+---------+
    |         Name         | BRAM_18K| FF | LUT| Depth| Bits| Size:D*B|
    +----------------------+---------+----+----+------+-----+---------+
    |ip2psFifo_V_data_V_U  |        2|  54|  56|    64|   32|     2048|
    |ip2psFifo_V_last_V_U  |        0|   9|  36|    64|    1|       64|
    |ip2psFifo_V_strb_V_U  |        0|   9|  36|    64|    4|      256|
    |ps2ipFifo_V_data_V_U  |        2|  54|  56|    64|   32|     2048|
    |ps2ipFifo_V_last_V_U  |        0|   9|  36|    64|    1|       64|
    |ps2ipFifo_V_strb_V_U  |        0|   9|  36|    64|    4|      256|
    |regrule1_V_channel_U  |        0|   0|   0|     2|   32|       64|
    |regrule2_V_channel_U  |        0|   0|   0|     2|   32|       64|
    |regrule3_V_channel_U  |        0|   0|   0|     2|   32|       64|
    |rule1_V_c1_U          |        0|   5|  44|     1|   32|       32|
    |rule1_V_c_U           |        0|   5|  44|     1|   32|       32|
    |rule1cnt_V_buf_c31_U  |        0|   5|  44|     1|   32|       32|
    |rule1cnt_V_buf_c_U    |        0|   5|  44|     1|   32|       32|
    |rule1cnt_V_c4_U       |        0|   5|  44|     1|   32|       32|
    |rule1cnt_V_c_U        |        0|   5|  44|     1|   32|       32|
    |rule2_V_c2_U          |        0|   5|  44|     1|   32|       32|
    |rule2_V_c_U           |        0|   5|  44|     1|   32|       32|
    |rule2cnt_V_buf_c32_U  |        0|   5|  44|     1|   32|       32|
    |rule2cnt_V_buf_c_U    |        0|   5|  44|     1|   32|       32|
    |rule2cnt_V_c5_U       |        0|   5|  44|     1|   32|       32|
    |rule2cnt_V_c_U        |        0|   5|  44|     1|   32|       32|
    |rule3_V_c3_U          |        0|   5|  44|     1|   32|       32|
    |rule3_V_c_U           |        0|   5|  44|     1|   32|       32|
    |rule3cnt_V_buf_c33_U  |        0|   5|  44|     1|   32|       32|
    |rule3cnt_V_buf_c_U    |        0|   5|  44|     1|   32|       32|
    |rule3cnt_V_c6_U       |        0|   5|  44|     1|   32|       32|
    |rule3cnt_V_c_U        |        0|   5|  44|     1|   32|       32|
    +----------------------+---------+----+----+------+-----+---------+
    |Total                 |        4| 234|1048|   408|  746|     5504|
    +----------------------+---------+----+----+------+-----+---------+

    * Expression: 
    +-----------------------------------+----------+-------+---+----+------------+------------+
    |           Variable Name           | Operation| DSP48E| FF| LUT| Bitwidth P0| Bitwidth P1|
    +-----------------------------------+----------+-------+---+----+------------+------------+
    |core_U0_ap_start                   |    and   |      0|  0|   8|           1|           1|
    |core_U0_start_full_n               |    and   |      0|  0|   8|           1|           1|
    |my_ip_hls_entry90_U0_start_full_n  |    and   |      0|  0|   8|           1|           1|
    +-----------------------------------+----------+-------+---+----+------------+------------+
    |Total                              |          |      0|  0|  24|           3|           3|
    +-----------------------------------+----------+-------+---+----+------------+------------+

    * Multiplexer: 
    N/A

    * Register: 
    N/A



================================================================
== Interface
================================================================
* Summary: 
+---------------------------+-----+-----+--------------+--------------------+--------------+
|         RTL Ports         | Dir | Bits|   Protocol   |    Source Object   |    C Type    |
+---------------------------+-----+-----+--------------+--------------------+--------------+
|s_axi_ziskasrules_AWVALID  |  in |    1|     s_axi    |     ziskasrules    |    scalar    |
|s_axi_ziskasrules_AWREADY  | out |    1|     s_axi    |     ziskasrules    |    scalar    |
|s_axi_ziskasrules_AWADDR   |  in |    6|     s_axi    |     ziskasrules    |    scalar    |
|s_axi_ziskasrules_WVALID   |  in |    1|     s_axi    |     ziskasrules    |    scalar    |
|s_axi_ziskasrules_WREADY   | out |    1|     s_axi    |     ziskasrules    |    scalar    |
|s_axi_ziskasrules_WDATA    |  in |   32|     s_axi    |     ziskasrules    |    scalar    |
|s_axi_ziskasrules_WSTRB    |  in |    4|     s_axi    |     ziskasrules    |    scalar    |
|s_axi_ziskasrules_ARVALID  |  in |    1|     s_axi    |     ziskasrules    |    scalar    |
|s_axi_ziskasrules_ARREADY  | out |    1|     s_axi    |     ziskasrules    |    scalar    |
|s_axi_ziskasrules_ARADDR   |  in |    6|     s_axi    |     ziskasrules    |    scalar    |
|s_axi_ziskasrules_RVALID   | out |    1|     s_axi    |     ziskasrules    |    scalar    |
|s_axi_ziskasrules_RREADY   |  in |    1|     s_axi    |     ziskasrules    |    scalar    |
|s_axi_ziskasrules_RDATA    | out |   32|     s_axi    |     ziskasrules    |    scalar    |
|s_axi_ziskasrules_RRESP    | out |    2|     s_axi    |     ziskasrules    |    scalar    |
|s_axi_ziskasrules_BVALID   | out |    1|     s_axi    |     ziskasrules    |    scalar    |
|s_axi_ziskasrules_BREADY   |  in |    1|     s_axi    |     ziskasrules    |    scalar    |
|s_axi_ziskasrules_BRESP    | out |    2|     s_axi    |     ziskasrules    |    scalar    |
|ap_clk                     |  in |    1| ap_ctrl_none |      my_ip_hls     | return value |
|ap_rst_n                   |  in |    1| ap_ctrl_none |      my_ip_hls     | return value |
|slaveIn_TDATA              |  in |   32|     axis     |  slaveIn_V_data_V  |    pointer   |
|slaveIn_TSTRB              |  in |    4|     axis     |  slaveIn_V_strb_V  |    pointer   |
|slaveIn_TLAST              |  in |    1|     axis     |  slaveIn_V_last_V  |    pointer   |
|slaveIn_TVALID             |  in |    1|     axis     |  slaveIn_V_last_V  |    pointer   |
|slaveIn_TREADY             | out |    1|     axis     |  slaveIn_V_last_V  |    pointer   |
|masterOut_TDATA            | out |   32|     axis     | masterOut_V_data_V |    pointer   |
|masterOut_TSTRB            | out |    4|     axis     | masterOut_V_strb_V |    pointer   |
|masterOut_TLAST            | out |    1|     axis     | masterOut_V_last_V |    pointer   |
|masterOut_TVALID           | out |    1|     axis     | masterOut_V_last_V |    pointer   |
|masterOut_TREADY           |  in |    1|     axis     | masterOut_V_last_V |    pointer   |
+---------------------------+-----+-----+--------------+--------------------+--------------+

