INFO: [SIM 2] *************** CSIM start ***************
INFO: [SIM 4] CSIM will launch GCC as the compiler.
   Compiling ../../../core.cpp in debug mode
   Compiling ../../../ip2ps_fifo.cpp in debug mode
   Compiling ../../../my_ip_hls.cpp in debug mode
   Compiling ../../../ziskasrules.cpp in debug mode
   Generating csim.exe
>----------------<
Data stream starts
>----------------<
Register 1 counter=0 after calculations
Register 2 counter=0 after calculations
Register 3 counter=0 after calculations
Time:0: read data: 1

Register 1 counter=0 after calculations
Register 2 counter=0 after calculations
Register 3 counter=0 after calculations
Time:1: read data: 2

Register 1 counter=0 after calculations
Register 2 counter=0 after calculations
Register 3 counter=0 after calculations
Time:2: read data: 3

Register 1 counter=0 after calculations
Register 2 counter=0 after calculations
Register 3 counter=0 after calculations
Time:3: read data: 4

Register 1 counter=0 after calculations
Register 2 counter=0 after calculations
Register 3 counter=0 after calculations
Time:4: read data: 5

Register 1 counter=0 after calculations
Register 2 counter=0 after calculations
Register 3 counter=0 after calculations
Time:5: read data: 6

Register 1 counter=0 after calculations
Register 2 counter=0 after calculations
Register 3 counter=0 after calculations
Time:6: read data: 7

Register 1 counter=0 after calculations
Register 2 counter=0 after calculations
Register 3 counter=0 after calculations
Time:7: read data: 8

Register 1 counter=0 after calculations
Register 2 counter=0 after calculations
Register 3 counter=0 after calculations
Time:8: read data: 9

Register 1 counter=1 after calculations
Register 2 counter=0 after calculations
Register 3 counter=0 after calculations
Time:9: no data available!

Register 1 counter=1 after calculations
Register 2 counter=0 after calculations
Register 3 counter=0 after calculations
Time:10: read data: 11

Register 1 counter=1 after calculations
Register 2 counter=0 after calculations
Register 3 counter=0 after calculations
Time:11: read data: 12

Register 1 counter=1 after calculations
Register 2 counter=0 after calculations
Register 3 counter=0 after calculations
Time:12: read data: 13

Register 1 counter=1 after calculations
Register 2 counter=0 after calculations
Register 3 counter=0 after calculations
Time:13: read data: 14

Register 1 counter=1 after calculations
Register 2 counter=0 after calculations
Register 3 counter=0 after calculations
Time:14: read data: 15

Register 1 counter=1 after calculations
Register 2 counter=0 after calculations
Register 3 counter=0 after calculations
Time:15: read data: 16

Register 1 counter=1 after calculations
Register 2 counter=0 after calculations
Register 3 counter=0 after calculations
Time:16: read data: 17

Register 1 counter=1 after calculations
Register 2 counter=0 after calculations
Register 3 counter=0 after calculations
Time:17: read data: 18

Register 1 counter=1 after calculations
Register 2 counter=0 after calculations
Register 3 counter=0 after calculations
Time:18: read data: 19

Register 1 counter=1 after calculations
Register 2 counter=0 after calculations
Register 3 counter=0 after calculations
Time:19: read data: 20

Register 1 counter=1 after calculations
Register 2 counter=0 after calculations
Register 3 counter=0 after calculations
Time:20: read data: 21

Register 1 counter=1 after calculations
Register 2 counter=0 after calculations
Register 3 counter=0 after calculations
Time:21: read data: 22

Register 1 counter=1 after calculations
Register 2 counter=0 after calculations
Register 3 counter=0 after calculations
Time:22: read data: 23

Register 1 counter=1 after calculations
Register 2 counter=0 after calculations
Register 3 counter=0 after calculations
Time:23: read data: 24

Register 1 counter=1 after calculations
Register 2 counter=0 after calculations
Register 3 counter=0 after calculations
Time:24: read data: 25

Register 1 counter=1 after calculations
Register 2 counter=0 after calculations
Register 3 counter=0 after calculations
Time:25: read data: 26

Register 1 counter=1 after calculations
Register 2 counter=0 after calculations
Register 3 counter=0 after calculations
Time:26: read data: 27

Register 1 counter=1 after calculations
Register 2 counter=0 after calculations
Register 3 counter=0 after calculations
Time:27: read data: 28

Register 1 counter=1 after calculations
Register 2 counter=0 after calculations
Register 3 counter=0 after calculations
Time:28: read data: 29

Register 1 counter=1 after calculations
Register 2 counter=1 after calculations
Register 3 counter=0 after calculations
Time:29: no data available!

Register 1 counter=1 after calculations
Register 2 counter=1 after calculations
Register 3 counter=0 after calculations
Time:30: read data: 31

Register 1 counter=1 after calculations
Register 2 counter=1 after calculations
Register 3 counter=0 after calculations
Time:31: read data: 32

Register 1 counter=1 after calculations
Register 2 counter=1 after calculations
Register 3 counter=0 after calculations
Time:32: read data: 33

Register 1 counter=1 after calculations
Register 2 counter=1 after calculations
Register 3 counter=0 after calculations
Time:33: read data: 34

Register 1 counter=1 after calculations
Register 2 counter=1 after calculations
Register 3 counter=0 after calculations
Time:34: read data: 35

Register 1 counter=1 after calculations
Register 2 counter=1 after calculations
Register 3 counter=0 after calculations
Time:35: read data: 36

Register 1 counter=1 after calculations
Register 2 counter=1 after calculations
Register 3 counter=0 after calculations
Time:36: read data: 37

Register 1 counter=1 after calculations
Register 2 counter=1 after calculations
Register 3 counter=0 after calculations
Time:37: read data: 38

Register 1 counter=1 after calculations
Register 2 counter=1 after calculations
Register 3 counter=0 after calculations
Time:38: read data: 39

Register 1 counter=1 after calculations
Register 2 counter=1 after calculations
Register 3 counter=0 after calculations
Time:39: read data: 40

Register 1 counter=1 after calculations
Register 2 counter=1 after calculations
Register 3 counter=0 after calculations
Time:40: read data: 41

Register 1 counter=1 after calculations
Register 2 counter=1 after calculations
Register 3 counter=0 after calculations
Time:41: read data: 42

Register 1 counter=1 after calculations
Register 2 counter=1 after calculations
Register 3 counter=0 after calculations
Time:42: read data: 43

Register 1 counter=1 after calculations
Register 2 counter=1 after calculations
Register 3 counter=0 after calculations
Time:43: read data: 44

Register 1 counter=1 after calculations
Register 2 counter=1 after calculations
Register 3 counter=0 after calculations
Time:44: read data: 45

Register 1 counter=1 after calculations
Register 2 counter=1 after calculations
Register 3 counter=0 after calculations
Time:45: read data: 46

Register 1 counter=1 after calculations
Register 2 counter=1 after calculations
Register 3 counter=0 after calculations
Time:46: read data: 47

Register 1 counter=1 after calculations
Register 2 counter=1 after calculations
Register 3 counter=0 after calculations
Time:47: read data: 48

Register 1 counter=1 after calculations
Register 2 counter=1 after calculations
Register 3 counter=0 after calculations
Time:48: read data: 49

Register 1 counter=1 after calculations
Register 2 counter=1 after calculations
Register 3 counter=1 after calculations
Time:49: no data available!

Register 1 counter=1 after calculations
Register 2 counter=1 after calculations
Register 3 counter=1 after calculations
Time:50: read data: 51

Register 1 counter=1 after calculations
Register 2 counter=1 after calculations
Register 3 counter=1 after calculations
Time:51: read data: 52

Register 1 counter=1 after calculations
Register 2 counter=1 after calculations
Register 3 counter=1 after calculations
Time:52: read data: 53

Register 1 counter=1 after calculations
Register 2 counter=1 after calculations
Register 3 counter=1 after calculations
Time:53: read data: 54

Register 1 counter=1 after calculations
Register 2 counter=1 after calculations
Register 3 counter=1 after calculations
Time:54: read data: 55

Register 1 counter=1 after calculations
Register 2 counter=1 after calculations
Register 3 counter=1 after calculations
Time:55: read data: 56

Register 1 counter=1 after calculations
Register 2 counter=1 after calculations
Register 3 counter=1 after calculations
Time:56: read data: 57

Register 1 counter=1 after calculations
Register 2 counter=1 after calculations
Register 3 counter=1 after calculations
Time:57: read data: 58

Register 1 counter=1 after calculations
Register 2 counter=1 after calculations
Register 3 counter=1 after calculations
Time:58: read data: 59

Register 1 counter=1 after calculations
Register 2 counter=1 after calculations
Register 3 counter=1 after calculations
Time:59: read data: 60

Register 1 counter=1 after calculations
Register 2 counter=1 after calculations
Register 3 counter=1 after calculations
Time:60: read data: 61

Register 1 counter=1 after calculations
Register 2 counter=1 after calculations
Register 3 counter=1 after calculations
Time:61: read data: 62

Register 1 counter=1 after calculations
Register 2 counter=1 after calculations
Register 3 counter=1 after calculations
Time:62: read data: 63

Register 1 counter=1 after calculations
Register 2 counter=1 after calculations
Register 3 counter=1 after calculations
Time:63: read data: 64

Register 1 counter=1 after calculations
Register 2 counter=1 after calculations
Register 3 counter=1 after calculations
Time:64: read data: 65

Register 1 counter=1 after calculations
Register 2 counter=1 after calculations
Register 3 counter=1 after calculations
Time:65: read data: 66

Register 1 counter=1 after calculations
Register 2 counter=1 after calculations
Register 3 counter=1 after calculations
Time:66: read data: 67

Register 1 counter=1 after calculations
Register 2 counter=1 after calculations
Register 3 counter=1 after calculations
Time:67: read data: 68

Register 1 counter=1 after calculations
Register 2 counter=1 after calculations
Register 3 counter=1 after calculations
Time:68: read data: 69

Register 1 counter=1 after calculations
Register 2 counter=1 after calculations
Register 3 counter=1 after calculations
Time:69: read data: 70

Register 1 counter=1 after calculations
Register 2 counter=1 after calculations
Register 3 counter=1 after calculations
Time:70: read data: 71

Register 1 counter=1 after calculations
Register 2 counter=1 after calculations
Register 3 counter=1 after calculations
Time:71: read data: 72

Register 1 counter=1 after calculations
Register 2 counter=1 after calculations
Register 3 counter=1 after calculations
Time:72: read data: 73

Register 1 counter=1 after calculations
Register 2 counter=1 after calculations
Register 3 counter=1 after calculations
Time:73: read data: 74

Register 1 counter=1 after calculations
Register 2 counter=1 after calculations
Register 3 counter=1 after calculations
Time:74: read data: 75

Register 1 counter=1 after calculations
Register 2 counter=1 after calculations
Register 3 counter=1 after calculations
Time:75: read data: 76

Register 1 counter=1 after calculations
Register 2 counter=1 after calculations
Register 3 counter=1 after calculations
Time:76: read data: 77

Register 1 counter=1 after calculations
Register 2 counter=1 after calculations
Register 3 counter=1 after calculations
Time:77: read data: 78

Register 1 counter=1 after calculations
Register 2 counter=1 after calculations
Register 3 counter=1 after calculations
Time:78: read data: 79

Register 1 counter=1 after calculations
Register 2 counter=1 after calculations
Register 3 counter=1 after calculations
Time:79: read data: 80

Register 1 counter=1 after calculations
Register 2 counter=1 after calculations
Register 3 counter=1 after calculations
Time:80: read data: 81

Register 1 counter=1 after calculations
Register 2 counter=1 after calculations
Register 3 counter=1 after calculations
Time:81: read data: 82

Register 1 counter=1 after calculations
Register 2 counter=1 after calculations
Register 3 counter=1 after calculations
Time:82: read data: 83

Register 1 counter=1 after calculations
Register 2 counter=1 after calculations
Register 3 counter=1 after calculations
Time:83: read data: 84

Register 1 counter=1 after calculations
Register 2 counter=1 after calculations
Register 3 counter=1 after calculations
Time:84: read data: 85

Register 1 counter=1 after calculations
Register 2 counter=1 after calculations
Register 3 counter=1 after calculations
Time:85: read data: 86

Register 1 counter=1 after calculations
Register 2 counter=1 after calculations
Register 3 counter=1 after calculations
Time:86: read data: 87

Register 1 counter=1 after calculations
Register 2 counter=1 after calculations
Register 3 counter=1 after calculations
Time:87: read data: 88

Register 1 counter=1 after calculations
Register 2 counter=1 after calculations
Register 3 counter=1 after calculations
Time:88: read data: 89

Register 1 counter=1 after calculations
Register 2 counter=1 after calculations
Register 3 counter=1 after calculations
Time:89: read data: 90

Register 1 counter=1 after calculations
Register 2 counter=1 after calculations
Register 3 counter=1 after calculations
Time:90: read data: 91

Register 1 counter=1 after calculations
Register 2 counter=1 after calculations
Register 3 counter=1 after calculations
Time:91: read data: 92

Register 1 counter=1 after calculations
Register 2 counter=1 after calculations
Register 3 counter=1 after calculations
Time:92: read data: 93

Register 1 counter=1 after calculations
Register 2 counter=1 after calculations
Register 3 counter=1 after calculations
Time:93: read data: 94

Register 1 counter=1 after calculations
Register 2 counter=1 after calculations
Register 3 counter=1 after calculations
Time:94: read data: 95

Register 1 counter=1 after calculations
Register 2 counter=1 after calculations
Register 3 counter=1 after calculations
Time:95: read data: 96

Register 1 counter=1 after calculations
Register 2 counter=1 after calculations
Register 3 counter=1 after calculations
Time:96: read data: 97

Register 1 counter=1 after calculations
Register 2 counter=1 after calculations
Register 3 counter=1 after calculations
Time:97: read data: 98

Register 1 counter=1 after calculations
Register 2 counter=1 after calculations
Register 3 counter=1 after calculations
Time:98: read data: 99

Register 1 counter=1 after calculations
Register 2 counter=1 after calculations
Register 3 counter=1 after calculations
Time:99: read data: 100

Register 1 counter=1 after calculations
Register 2 counter=1 after calculations
Register 3 counter=1 after calculations
Time:0: read data: 1

Register 1 counter=1 after calculations
Register 2 counter=1 after calculations
Register 3 counter=1 after calculations
Time:1: read data: 2

Register 1 counter=1 after calculations
Register 2 counter=1 after calculations
Register 3 counter=1 after calculations
Time:2: read data: 3

Register 1 counter=1 after calculations
Register 2 counter=1 after calculations
Register 3 counter=1 after calculations
Time:3: read data: 4

Register 1 counter=1 after calculations
Register 2 counter=1 after calculations
Register 3 counter=1 after calculations
Time:4: read data: 5

Register 1 counter=1 after calculations
Register 2 counter=1 after calculations
Register 3 counter=1 after calculations
Time:5: read data: 6

Register 1 counter=1 after calculations
Register 2 counter=1 after calculations
Register 3 counter=1 after calculations
Time:6: read data: 7

Register 1 counter=1 after calculations
Register 2 counter=1 after calculations
Register 3 counter=1 after calculations
Time:7: read data: 8

Register 1 counter=1 after calculations
Register 2 counter=1 after calculations
Register 3 counter=1 after calculations
Time:8: read data: 9

Register 1 counter=2 after calculations
Register 2 counter=1 after calculations
Register 3 counter=1 after calculations
Time:9: no data available!

Register 1 counter=2 after calculations
Register 2 counter=1 after calculations
Register 3 counter=1 after calculations
Time:10: read data: 11

Register 1 counter=2 after calculations
Register 2 counter=1 after calculations
Register 3 counter=1 after calculations
Time:11: read data: 12

Register 1 counter=2 after calculations
Register 2 counter=1 after calculations
Register 3 counter=1 after calculations
Time:12: read data: 13

Register 1 counter=2 after calculations
Register 2 counter=1 after calculations
Register 3 counter=1 after calculations
Time:13: read data: 14

Register 1 counter=2 after calculations
Register 2 counter=1 after calculations
Register 3 counter=1 after calculations
Time:14: read data: 15

Register 1 counter=2 after calculations
Register 2 counter=1 after calculations
Register 3 counter=1 after calculations
Time:15: read data: 16

Register 1 counter=2 after calculations
Register 2 counter=1 after calculations
Register 3 counter=1 after calculations
Time:16: read data: 17

Register 1 counter=2 after calculations
Register 2 counter=1 after calculations
Register 3 counter=1 after calculations
Time:17: read data: 18

Register 1 counter=2 after calculations
Register 2 counter=1 after calculations
Register 3 counter=1 after calculations
Time:18: read data: 19

Register 1 counter=2 after calculations
Register 2 counter=1 after calculations
Register 3 counter=1 after calculations
Time:19: read data: 20

Register 1 counter=2 after calculations
Register 2 counter=1 after calculations
Register 3 counter=1 after calculations
Time:20: read data: 21

Register 1 counter=2 after calculations
Register 2 counter=1 after calculations
Register 3 counter=1 after calculations
Time:21: read data: 22

Register 1 counter=2 after calculations
Register 2 counter=1 after calculations
Register 3 counter=1 after calculations
Time:22: read data: 23

Register 1 counter=2 after calculations
Register 2 counter=1 after calculations
Register 3 counter=1 after calculations
Time:23: read data: 24

Register 1 counter=2 after calculations
Register 2 counter=1 after calculations
Register 3 counter=1 after calculations
Time:24: read data: 25

Register 1 counter=2 after calculations
Register 2 counter=1 after calculations
Register 3 counter=1 after calculations
Time:25: read data: 26

Register 1 counter=2 after calculations
Register 2 counter=1 after calculations
Register 3 counter=1 after calculations
Time:26: read data: 27

Register 1 counter=2 after calculations
Register 2 counter=1 after calculations
Register 3 counter=1 after calculations
Time:27: read data: 28

Register 1 counter=2 after calculations
Register 2 counter=1 after calculations
Register 3 counter=1 after calculations
Time:28: read data: 29

Register 1 counter=2 after calculations
Register 2 counter=2 after calculations
Register 3 counter=1 after calculations
Time:29: no data available!

Register 1 counter=2 after calculations
Register 2 counter=2 after calculations
Register 3 counter=1 after calculations
Time:30: read data: 31

Register 1 counter=2 after calculations
Register 2 counter=2 after calculations
Register 3 counter=1 after calculations
Time:31: read data: 32

Register 1 counter=2 after calculations
Register 2 counter=2 after calculations
Register 3 counter=1 after calculations
Time:32: read data: 33

Register 1 counter=2 after calculations
Register 2 counter=2 after calculations
Register 3 counter=1 after calculations
Time:33: read data: 34

Register 1 counter=2 after calculations
Register 2 counter=2 after calculations
Register 3 counter=1 after calculations
Time:34: read data: 35

Register 1 counter=2 after calculations
Register 2 counter=2 after calculations
Register 3 counter=1 after calculations
Time:35: read data: 36

Register 1 counter=2 after calculations
Register 2 counter=2 after calculations
Register 3 counter=1 after calculations
Time:36: read data: 37

Register 1 counter=2 after calculations
Register 2 counter=2 after calculations
Register 3 counter=1 after calculations
Time:37: read data: 38

Register 1 counter=2 after calculations
Register 2 counter=2 after calculations
Register 3 counter=1 after calculations
Time:38: read data: 39

Register 1 counter=2 after calculations
Register 2 counter=2 after calculations
Register 3 counter=1 after calculations
Time:39: read data: 40

Register 1 counter=2 after calculations
Register 2 counter=2 after calculations
Register 3 counter=1 after calculations
Time:40: read data: 41

Register 1 counter=2 after calculations
Register 2 counter=2 after calculations
Register 3 counter=1 after calculations
Time:41: read data: 42

Register 1 counter=2 after calculations
Register 2 counter=2 after calculations
Register 3 counter=1 after calculations
Time:42: read data: 43

Register 1 counter=2 after calculations
Register 2 counter=2 after calculations
Register 3 counter=1 after calculations
Time:43: read data: 44

Register 1 counter=2 after calculations
Register 2 counter=2 after calculations
Register 3 counter=1 after calculations
Time:44: read data: 45

Register 1 counter=2 after calculations
Register 2 counter=2 after calculations
Register 3 counter=1 after calculations
Time:45: read data: 46

Register 1 counter=2 after calculations
Register 2 counter=2 after calculations
Register 3 counter=1 after calculations
Time:46: read data: 47

Register 1 counter=2 after calculations
Register 2 counter=2 after calculations
Register 3 counter=1 after calculations
Time:47: read data: 48

Register 1 counter=2 after calculations
Register 2 counter=2 after calculations
Register 3 counter=1 after calculations
Time:48: read data: 49

Register 1 counter=2 after calculations
Register 2 counter=2 after calculations
Register 3 counter=2 after calculations
Time:49: no data available!

Register 1 counter=2 after calculations
Register 2 counter=2 after calculations
Register 3 counter=2 after calculations
Time:50: read data: 51

Register 1 counter=2 after calculations
Register 2 counter=2 after calculations
Register 3 counter=2 after calculations
Time:51: read data: 52

Register 1 counter=2 after calculations
Register 2 counter=2 after calculations
Register 3 counter=2 after calculations
Time:52: read data: 53

Register 1 counter=2 after calculations
Register 2 counter=2 after calculations
Register 3 counter=2 after calculations
Time:53: read data: 54

Register 1 counter=2 after calculations
Register 2 counter=2 after calculations
Register 3 counter=2 after calculations
Time:54: read data: 55

Register 1 counter=2 after calculations
Register 2 counter=2 after calculations
Register 3 counter=2 after calculations
Time:55: read data: 56

Register 1 counter=2 after calculations
Register 2 counter=2 after calculations
Register 3 counter=2 after calculations
Time:56: read data: 57

Register 1 counter=2 after calculations
Register 2 counter=2 after calculations
Register 3 counter=2 after calculations
Time:57: read data: 58

Register 1 counter=2 after calculations
Register 2 counter=2 after calculations
Register 3 counter=2 after calculations
Time:58: read data: 59

Register 1 counter=2 after calculations
Register 2 counter=2 after calculations
Register 3 counter=2 after calculations
Time:59: read data: 60

Register 1 counter=2 after calculations
Register 2 counter=2 after calculations
Register 3 counter=2 after calculations
Time:60: read data: 61

Register 1 counter=2 after calculations
Register 2 counter=2 after calculations
Register 3 counter=2 after calculations
Time:61: read data: 62

Register 1 counter=2 after calculations
Register 2 counter=2 after calculations
Register 3 counter=2 after calculations
Time:62: read data: 63

Register 1 counter=2 after calculations
Register 2 counter=2 after calculations
Register 3 counter=2 after calculations
Time:63: read data: 64

Register 1 counter=2 after calculations
Register 2 counter=2 after calculations
Register 3 counter=2 after calculations
Time:64: read data: 65

Register 1 counter=2 after calculations
Register 2 counter=2 after calculations
Register 3 counter=2 after calculations
Time:65: read data: 66

Register 1 counter=2 after calculations
Register 2 counter=2 after calculations
Register 3 counter=2 after calculations
Time:66: read data: 67

Register 1 counter=2 after calculations
Register 2 counter=2 after calculations
Register 3 counter=2 after calculations
Time:67: read data: 68

Register 1 counter=2 after calculations
Register 2 counter=2 after calculations
Register 3 counter=2 after calculations
Time:68: read data: 69

Register 1 counter=2 after calculations
Register 2 counter=2 after calculations
Register 3 counter=2 after calculations
Time:69: read data: 70

Register 1 counter=2 after calculations
Register 2 counter=2 after calculations
Register 3 counter=2 after calculations
Time:70: read data: 71

Register 1 counter=2 after calculations
Register 2 counter=2 after calculations
Register 3 counter=2 after calculations
Time:71: read data: 72

Register 1 counter=2 after calculations
Register 2 counter=2 after calculations
Register 3 counter=2 after calculations
Time:72: read data: 73

Register 1 counter=2 after calculations
Register 2 counter=2 after calculations
Register 3 counter=2 after calculations
Time:73: read data: 74

Register 1 counter=2 after calculations
Register 2 counter=2 after calculations
Register 3 counter=2 after calculations
Time:74: read data: 75

Register 1 counter=2 after calculations
Register 2 counter=2 after calculations
Register 3 counter=2 after calculations
Time:75: read data: 76

Register 1 counter=2 after calculations
Register 2 counter=2 after calculations
Register 3 counter=2 after calculations
Time:76: read data: 77

Register 1 counter=2 after calculations
Register 2 counter=2 after calculations
Register 3 counter=2 after calculations
Time:77: read data: 78

Register 1 counter=2 after calculations
Register 2 counter=2 after calculations
Register 3 counter=2 after calculations
Time:78: read data: 79

Register 1 counter=2 after calculations
Register 2 counter=2 after calculations
Register 3 counter=2 after calculations
Time:79: read data: 80

Register 1 counter=2 after calculations
Register 2 counter=2 after calculations
Register 3 counter=2 after calculations
Time:80: read data: 81

Register 1 counter=2 after calculations
Register 2 counter=2 after calculations
Register 3 counter=2 after calculations
Time:81: read data: 82

Register 1 counter=2 after calculations
Register 2 counter=2 after calculations
Register 3 counter=2 after calculations
Time:82: read data: 83

Register 1 counter=2 after calculations
Register 2 counter=2 after calculations
Register 3 counter=2 after calculations
Time:83: read data: 84

Register 1 counter=2 after calculations
Register 2 counter=2 after calculations
Register 3 counter=2 after calculations
Time:84: read data: 85

Register 1 counter=2 after calculations
Register 2 counter=2 after calculations
Register 3 counter=2 after calculations
Time:85: read data: 86

Register 1 counter=2 after calculations
Register 2 counter=2 after calculations
Register 3 counter=2 after calculations
Time:86: read data: 87

Register 1 counter=2 after calculations
Register 2 counter=2 after calculations
Register 3 counter=2 after calculations
Time:87: read data: 88

Register 1 counter=2 after calculations
Register 2 counter=2 after calculations
Register 3 counter=2 after calculations
Time:88: read data: 89

Register 1 counter=2 after calculations
Register 2 counter=2 after calculations
Register 3 counter=2 after calculations
Time:89: read data: 90

Register 1 counter=2 after calculations
Register 2 counter=2 after calculations
Register 3 counter=2 after calculations
Time:90: read data: 91

Register 1 counter=2 after calculations
Register 2 counter=2 after calculations
Register 3 counter=2 after calculations
Time:91: read data: 92

Register 1 counter=2 after calculations
Register 2 counter=2 after calculations
Register 3 counter=2 after calculations
Time:92: read data: 93

Register 1 counter=2 after calculations
Register 2 counter=2 after calculations
Register 3 counter=2 after calculations
Time:93: read data: 94

Register 1 counter=2 after calculations
Register 2 counter=2 after calculations
Register 3 counter=2 after calculations
Time:94: read data: 95

Register 1 counter=2 after calculations
Register 2 counter=2 after calculations
Register 3 counter=2 after calculations
Time:95: read data: 96

Register 1 counter=2 after calculations
Register 2 counter=2 after calculations
Register 3 counter=2 after calculations
Time:96: read data: 97

Register 1 counter=2 after calculations
Register 2 counter=2 after calculations
Register 3 counter=2 after calculations
Time:97: read data: 98

Register 1 counter=2 after calculations
Register 2 counter=2 after calculations
Register 3 counter=2 after calculations
Time:98: read data: 99

Register 1 counter=2 after calculations
Register 2 counter=2 after calculations
Register 3 counter=2 after calculations
Time:99: read data: 100

Register 1 counter=2 after calculations
Register 2 counter=2 after calculations
Register 3 counter=2 after calculations
Time:0: read data: 1

Register 1 counter=2 after calculations
Register 2 counter=2 after calculations
Register 3 counter=2 after calculations
Time:1: read data: 2

Register 1 counter=2 after calculations
Register 2 counter=2 after calculations
Register 3 counter=2 after calculations
Time:2: read data: 3

Register 1 counter=2 after calculations
Register 2 counter=2 after calculations
Register 3 counter=2 after calculations
Time:3: read data: 4

Register 1 counter=2 after calculations
Register 2 counter=2 after calculations
Register 3 counter=2 after calculations
Time:4: read data: 5

Register 1 counter=2 after calculations
Register 2 counter=2 after calculations
Register 3 counter=2 after calculations
Time:5: read data: 6

Register 1 counter=2 after calculations
Register 2 counter=2 after calculations
Register 3 counter=2 after calculations
Time:6: read data: 7

Register 1 counter=2 after calculations
Register 2 counter=2 after calculations
Register 3 counter=2 after calculations
Time:7: read data: 8

Register 1 counter=2 after calculations
Register 2 counter=2 after calculations
Register 3 counter=2 after calculations
Time:8: read data: 9

Register 1 counter=3 after calculations
Register 2 counter=2 after calculations
Register 3 counter=2 after calculations
Time:9: no data available!

Register 1 counter=3 after calculations
Register 2 counter=2 after calculations
Register 3 counter=2 after calculations
Time:10: read data: 11

Register 1 counter=3 after calculations
Register 2 counter=2 after calculations
Register 3 counter=2 after calculations
Time:11: read data: 12

Register 1 counter=3 after calculations
Register 2 counter=2 after calculations
Register 3 counter=2 after calculations
Time:12: read data: 13

Register 1 counter=3 after calculations
Register 2 counter=2 after calculations
Register 3 counter=2 after calculations
Time:13: read data: 14

Register 1 counter=3 after calculations
Register 2 counter=2 after calculations
Register 3 counter=2 after calculations
Time:14: read data: 15

Register 1 counter=3 after calculations
Register 2 counter=2 after calculations
Register 3 counter=2 after calculations
Time:15: read data: 16

Register 1 counter=3 after calculations
Register 2 counter=2 after calculations
Register 3 counter=2 after calculations
Time:16: read data: 17

Register 1 counter=3 after calculations
Register 2 counter=2 after calculations
Register 3 counter=2 after calculations
Time:17: read data: 18

Register 1 counter=3 after calculations
Register 2 counter=2 after calculations
Register 3 counter=2 after calculations
Time:18: read data: 19

Register 1 counter=3 after calculations
Register 2 counter=2 after calculations
Register 3 counter=2 after calculations
Time:19: read data: 20

Register 1 counter=3 after calculations
Register 2 counter=2 after calculations
Register 3 counter=2 after calculations
Time:20: read data: 21

Register 1 counter=3 after calculations
Register 2 counter=2 after calculations
Register 3 counter=2 after calculations
Time:21: read data: 22

Register 1 counter=3 after calculations
Register 2 counter=2 after calculations
Register 3 counter=2 after calculations
Time:22: read data: 23

Register 1 counter=3 after calculations
Register 2 counter=2 after calculations
Register 3 counter=2 after calculations
Time:23: read data: 24

Register 1 counter=3 after calculations
Register 2 counter=2 after calculations
Register 3 counter=2 after calculations
Time:24: read data: 25

Register 1 counter=3 after calculations
Register 2 counter=2 after calculations
Register 3 counter=2 after calculations
Time:25: read data: 26

Register 1 counter=3 after calculations
Register 2 counter=2 after calculations
Register 3 counter=2 after calculations
Time:26: read data: 27

Register 1 counter=3 after calculations
Register 2 counter=2 after calculations
Register 3 counter=2 after calculations
Time:27: read data: 28

Register 1 counter=3 after calculations
Register 2 counter=2 after calculations
Register 3 counter=2 after calculations
Time:28: read data: 29

Register 1 counter=3 after calculations
Register 2 counter=3 after calculations
Register 3 counter=2 after calculations
Time:29: no data available!

Register 1 counter=3 after calculations
Register 2 counter=3 after calculations
Register 3 counter=2 after calculations
Time:30: read data: 31

Register 1 counter=3 after calculations
Register 2 counter=3 after calculations
Register 3 counter=2 after calculations
Time:31: read data: 32

Register 1 counter=3 after calculations
Register 2 counter=3 after calculations
Register 3 counter=2 after calculations
Time:32: read data: 33

Register 1 counter=3 after calculations
Register 2 counter=3 after calculations
Register 3 counter=2 after calculations
Time:33: read data: 34

Register 1 counter=3 after calculations
Register 2 counter=3 after calculations
Register 3 counter=2 after calculations
Time:34: read data: 35

Register 1 counter=3 after calculations
Register 2 counter=3 after calculations
Register 3 counter=2 after calculations
Time:35: read data: 36

Register 1 counter=3 after calculations
Register 2 counter=3 after calculations
Register 3 counter=2 after calculations
Time:36: read data: 37

Register 1 counter=3 after calculations
Register 2 counter=3 after calculations
Register 3 counter=2 after calculations
Time:37: read data: 38

Register 1 counter=3 after calculations
Register 2 counter=3 after calculations
Register 3 counter=2 after calculations
Time:38: read data: 39

Register 1 counter=3 after calculations
Register 2 counter=3 after calculations
Register 3 counter=2 after calculations
Time:39: read data: 40

Register 1 counter=3 after calculations
Register 2 counter=3 after calculations
Register 3 counter=2 after calculations
Time:40: read data: 41

Register 1 counter=3 after calculations
Register 2 counter=3 after calculations
Register 3 counter=2 after calculations
Time:41: read data: 42

Register 1 counter=3 after calculations
Register 2 counter=3 after calculations
Register 3 counter=2 after calculations
Time:42: read data: 43

Register 1 counter=3 after calculations
Register 2 counter=3 after calculations
Register 3 counter=2 after calculations
Time:43: read data: 44

Register 1 counter=3 after calculations
Register 2 counter=3 after calculations
Register 3 counter=2 after calculations
Time:44: read data: 45

Register 1 counter=3 after calculations
Register 2 counter=3 after calculations
Register 3 counter=2 after calculations
Time:45: read data: 46

Register 1 counter=3 after calculations
Register 2 counter=3 after calculations
Register 3 counter=2 after calculations
Time:46: read data: 47

Register 1 counter=3 after calculations
Register 2 counter=3 after calculations
Register 3 counter=2 after calculations
Time:47: read data: 48

Register 1 counter=3 after calculations
Register 2 counter=3 after calculations
Register 3 counter=2 after calculations
Time:48: read data: 49

Register 1 counter=3 after calculations
Register 2 counter=3 after calculations
Register 3 counter=3 after calculations
Time:49: no data available!

Register 1 counter=3 after calculations
Register 2 counter=3 after calculations
Register 3 counter=3 after calculations
Time:50: read data: 51

Register 1 counter=3 after calculations
Register 2 counter=3 after calculations
Register 3 counter=3 after calculations
Time:51: read data: 52

Register 1 counter=3 after calculations
Register 2 counter=3 after calculations
Register 3 counter=3 after calculations
Time:52: read data: 53

Register 1 counter=3 after calculations
Register 2 counter=3 after calculations
Register 3 counter=3 after calculations
Time:53: read data: 54

Register 1 counter=3 after calculations
Register 2 counter=3 after calculations
Register 3 counter=3 after calculations
Time:54: read data: 55

Register 1 counter=3 after calculations
Register 2 counter=3 after calculations
Register 3 counter=3 after calculations
Time:55: read data: 56

Register 1 counter=3 after calculations
Register 2 counter=3 after calculations
Register 3 counter=3 after calculations
Time:56: read data: 57

Register 1 counter=3 after calculations
Register 2 counter=3 after calculations
Register 3 counter=3 after calculations
Time:57: read data: 58

Register 1 counter=3 after calculations
Register 2 counter=3 after calculations
Register 3 counter=3 after calculations
Time:58: read data: 59

Register 1 counter=3 after calculations
Register 2 counter=3 after calculations
Register 3 counter=3 after calculations
Time:59: read data: 60

Register 1 counter=3 after calculations
Register 2 counter=3 after calculations
Register 3 counter=3 after calculations
Time:60: read data: 61

Register 1 counter=3 after calculations
Register 2 counter=3 after calculations
Register 3 counter=3 after calculations
Time:61: read data: 62

Register 1 counter=3 after calculations
Register 2 counter=3 after calculations
Register 3 counter=3 after calculations
Time:62: read data: 63

Register 1 counter=3 after calculations
Register 2 counter=3 after calculations
Register 3 counter=3 after calculations
Time:63: read data: 64

Register 1 counter=3 after calculations
Register 2 counter=3 after calculations
Register 3 counter=3 after calculations
Time:64: read data: 65

Register 1 counter=3 after calculations
Register 2 counter=3 after calculations
Register 3 counter=3 after calculations
Time:65: read data: 66

Register 1 counter=3 after calculations
Register 2 counter=3 after calculations
Register 3 counter=3 after calculations
Time:66: read data: 67

Register 1 counter=3 after calculations
Register 2 counter=3 after calculations
Register 3 counter=3 after calculations
Time:67: read data: 68

Register 1 counter=3 after calculations
Register 2 counter=3 after calculations
Register 3 counter=3 after calculations
Time:68: read data: 69

Register 1 counter=3 after calculations
Register 2 counter=3 after calculations
Register 3 counter=3 after calculations
Time:69: read data: 70

Register 1 counter=3 after calculations
Register 2 counter=3 after calculations
Register 3 counter=3 after calculations
Time:70: read data: 71

Register 1 counter=3 after calculations
Register 2 counter=3 after calculations
Register 3 counter=3 after calculations
Time:71: read data: 72

Register 1 counter=3 after calculations
Register 2 counter=3 after calculations
Register 3 counter=3 after calculations
Time:72: read data: 73

Register 1 counter=3 after calculations
Register 2 counter=3 after calculations
Register 3 counter=3 after calculations
Time:73: read data: 74

Register 1 counter=3 after calculations
Register 2 counter=3 after calculations
Register 3 counter=3 after calculations
Time:74: read data: 75

Register 1 counter=3 after calculations
Register 2 counter=3 after calculations
Register 3 counter=3 after calculations
Time:75: read data: 76

Register 1 counter=3 after calculations
Register 2 counter=3 after calculations
Register 3 counter=3 after calculations
Time:76: read data: 77

Register 1 counter=3 after calculations
Register 2 counter=3 after calculations
Register 3 counter=3 after calculations
Time:77: read data: 78

Register 1 counter=3 after calculations
Register 2 counter=3 after calculations
Register 3 counter=3 after calculations
Time:78: read data: 79

Register 1 counter=3 after calculations
Register 2 counter=3 after calculations
Register 3 counter=3 after calculations
Time:79: read data: 80

Register 1 counter=3 after calculations
Register 2 counter=3 after calculations
Register 3 counter=3 after calculations
Time:80: read data: 81

Register 1 counter=3 after calculations
Register 2 counter=3 after calculations
Register 3 counter=3 after calculations
Time:81: read data: 82

Register 1 counter=3 after calculations
Register 2 counter=3 after calculations
Register 3 counter=3 after calculations
Time:82: read data: 83

Register 1 counter=3 after calculations
Register 2 counter=3 after calculations
Register 3 counter=3 after calculations
Time:83: read data: 84

Register 1 counter=3 after calculations
Register 2 counter=3 after calculations
Register 3 counter=3 after calculations
Time:84: read data: 85

Register 1 counter=3 after calculations
Register 2 counter=3 after calculations
Register 3 counter=3 after calculations
Time:85: read data: 86

Register 1 counter=3 after calculations
Register 2 counter=3 after calculations
Register 3 counter=3 after calculations
Time:86: read data: 87

Register 1 counter=3 after calculations
Register 2 counter=3 after calculations
Register 3 counter=3 after calculations
Time:87: read data: 88

Register 1 counter=3 after calculations
Register 2 counter=3 after calculations
Register 3 counter=3 after calculations
Time:88: read data: 89

Register 1 counter=3 after calculations
Register 2 counter=3 after calculations
Register 3 counter=3 after calculations
Time:89: read data: 90

Register 1 counter=3 after calculations
Register 2 counter=3 after calculations
Register 3 counter=3 after calculations
Time:90: read data: 91

Register 1 counter=3 after calculations
Register 2 counter=3 after calculations
Register 3 counter=3 after calculations
Time:91: read data: 92

Register 1 counter=3 after calculations
Register 2 counter=3 after calculations
Register 3 counter=3 after calculations
Time:92: read data: 93

Register 1 counter=3 after calculations
Register 2 counter=3 after calculations
Register 3 counter=3 after calculations
Time:93: read data: 94

Register 1 counter=3 after calculations
Register 2 counter=3 after calculations
Register 3 counter=3 after calculations
Time:94: read data: 95

Register 1 counter=3 after calculations
Register 2 counter=3 after calculations
Register 3 counter=3 after calculations
Time:95: read data: 96

Register 1 counter=3 after calculations
Register 2 counter=3 after calculations
Register 3 counter=3 after calculations
Time:96: read data: 97

Register 1 counter=3 after calculations
Register 2 counter=3 after calculations
Register 3 counter=3 after calculations
Time:97: read data: 98

Register 1 counter=3 after calculations
Register 2 counter=3 after calculations
Register 3 counter=3 after calculations
Time:98: read data: 99

Register 1 counter=3 after calculations
Register 2 counter=3 after calculations
Register 3 counter=3 after calculations
Time:99: read data: 100

Data :10
Register 1 counter=4 after calculations
Register 2 counter=3 after calculations
Register 3 counter=3 after calculations
Time:0: no data available!

Data :10
Register 1 counter=5 after calculations
Register 2 counter=3 after calculations
Register 3 counter=3 after calculations
Time:1: no data available!

Data :10
Register 1 counter=6 after calculations
Register 2 counter=3 after calculations
Register 3 counter=3 after calculations
Time:2: no data available!

Data :10
Register 1 counter=7 after calculations
Register 2 counter=3 after calculations
Register 3 counter=3 after calculations
Time:3: no data available!

Data :10
Register 1 counter=8 after calculations
Register 2 counter=3 after calculations
Register 3 counter=3 after calculations
Time:4: no data available!

Data :10
Register 1 counter=9 after calculations
Register 2 counter=3 after calculations
Register 3 counter=3 after calculations
Time:5: no data available!

Data :10
Register 1 counter=10 after calculations
Register 2 counter=3 after calculations
Register 3 counter=3 after calculations
Time:6: no data available!

Data :10
Register 1 counter=11 after calculations
Register 2 counter=3 after calculations
Register 3 counter=3 after calculations
Time:7: no data available!

Data :10
Register 1 counter=12 after calculations
Register 2 counter=3 after calculations
Register 3 counter=3 after calculations
Time:8: no data available!

Data :10
Register 1 counter=13 after calculations
Register 2 counter=3 after calculations
Register 3 counter=3 after calculations
Time:9: no data available!

Data :30
Register 1 counter=13 after calculations
Register 2 counter=4 after calculations
Register 3 counter=3 after calculations
Time:10: no data available!

Data :30
Register 1 counter=13 after calculations
Register 2 counter=5 after calculations
Register 3 counter=3 after calculations
Time:11: no data available!

Data :30
Register 1 counter=13 after calculations
Register 2 counter=6 after calculations
Register 3 counter=3 after calculations
Time:12: no data available!

Data :30
Register 1 counter=13 after calculations
Register 2 counter=7 after calculations
Register 3 counter=3 after calculations
Time:13: no data available!

Data :30
Register 1 counter=13 after calculations
Register 2 counter=8 after calculations
Register 3 counter=3 after calculations
Time:14: no data available!

Data :30
Register 1 counter=13 after calculations
Register 2 counter=9 after calculations
Register 3 counter=3 after calculations
Time:15: no data available!

Data :30
Register 1 counter=13 after calculations
Register 2 counter=10 after calculations
Register 3 counter=3 after calculations
Time:16: no data available!

Data :30
Register 1 counter=13 after calculations
Register 2 counter=11 after calculations
Register 3 counter=3 after calculations
Time:17: no data available!

Data :30
Register 1 counter=13 after calculations
Register 2 counter=12 after calculations
Register 3 counter=3 after calculations
Time:18: no data available!

Data :30
Register 1 counter=13 after calculations
Register 2 counter=13 after calculations
Register 3 counter=3 after calculations
Time:19: no data available!

Data :30
Register 1 counter=13 after calculations
Register 2 counter=14 after calculations
Register 3 counter=3 after calculations
Time:20: no data available!

Data :30
Register 1 counter=13 after calculations
Register 2 counter=15 after calculations
Register 3 counter=3 after calculations
Time:21: no data available!

Data :30
Register 1 counter=13 after calculations
Register 2 counter=16 after calculations
Register 3 counter=3 after calculations
Time:22: no data available!

Data :30
Register 1 counter=13 after calculations
Register 2 counter=17 after calculations
Register 3 counter=3 after calculations
Time:23: no data available!

Data :30
Register 1 counter=13 after calculations
Register 2 counter=18 after calculations
Register 3 counter=3 after calculations
Time:24: no data available!

Data :30
Register 1 counter=13 after calculations
Register 2 counter=19 after calculations
Register 3 counter=3 after calculations
Time:25: no data available!

Data :30
Register 1 counter=13 after calculations
Register 2 counter=20 after calculations
Register 3 counter=3 after calculations
Time:26: no data available!

Data :30
Register 1 counter=13 after calculations
Register 2 counter=21 after calculations
Register 3 counter=3 after calculations
Time:27: no data available!

Data :30
Register 1 counter=13 after calculations
Register 2 counter=22 after calculations
Register 3 counter=3 after calculations
Time:28: no data available!

Data :30
Register 1 counter=13 after calculations
Register 2 counter=23 after calculations
Register 3 counter=3 after calculations
Time:29: no data available!

Data :50
Register 1 counter=13 after calculations
Register 2 counter=23 after calculations
Register 3 counter=4 after calculations
Time:30: no data available!

Data :50
Register 1 counter=13 after calculations
Register 2 counter=23 after calculations
Register 3 counter=5 after calculations
Time:31: no data available!

Data :50
Register 1 counter=13 after calculations
Register 2 counter=23 after calculations
Register 3 counter=6 after calculations
Time:32: no data available!

Data :50
Register 1 counter=13 after calculations
Register 2 counter=23 after calculations
Register 3 counter=7 after calculations
Time:33: no data available!

Data :50
Register 1 counter=13 after calculations
Register 2 counter=23 after calculations
Register 3 counter=8 after calculations
Time:34: no data available!

Data :50
Register 1 counter=13 after calculations
Register 2 counter=23 after calculations
Register 3 counter=9 after calculations
Time:35: no data available!

Data :50
Register 1 counter=13 after calculations
Register 2 counter=23 after calculations
Register 3 counter=10 after calculations
Time:36: no data available!

Data :50
Register 1 counter=13 after calculations
Register 2 counter=23 after calculations
Register 3 counter=11 after calculations
Time:37: no data available!

Data :50
Register 1 counter=13 after calculations
Register 2 counter=23 after calculations
Register 3 counter=12 after calculations
Time:38: no data available!

Data :50
Register 1 counter=13 after calculations
Register 2 counter=23 after calculations
Register 3 counter=13 after calculations
Time:39: no data available!

Data :50
Register 1 counter=13 after calculations
Register 2 counter=23 after calculations
Register 3 counter=14 after calculations
Time:40: no data available!

Data :50
Register 1 counter=13 after calculations
Register 2 counter=23 after calculations
Register 3 counter=15 after calculations
Time:41: no data available!

Data :50
Register 1 counter=13 after calculations
Register 2 counter=23 after calculations
Register 3 counter=16 after calculations
Time:42: no data available!

Data :50
Register 1 counter=13 after calculations
Register 2 counter=23 after calculations
Register 3 counter=17 after calculations
Time:43: no data available!

Data :50
Register 1 counter=13 after calculations
Register 2 counter=23 after calculations
Register 3 counter=18 after calculations
Time:44: no data available!

Data :50
Register 1 counter=13 after calculations
Register 2 counter=23 after calculations
Register 3 counter=19 after calculations
Time:45: no data available!

Data :50
Register 1 counter=13 after calculations
Register 2 counter=23 after calculations
Register 3 counter=20 after calculations
Time:46: no data available!

Data :50
Register 1 counter=13 after calculations
Register 2 counter=23 after calculations
Register 3 counter=21 after calculations
Time:47: no data available!

Data :50
Register 1 counter=13 after calculations
Register 2 counter=23 after calculations
Register 3 counter=22 after calculations
Time:48: no data available!

Data :50
Register 1 counter=13 after calculations
Register 2 counter=23 after calculations
Register 3 counter=23 after calculations
Time:49: no data available!

Data :50
Register 1 counter=13 after calculations
Register 2 counter=23 after calculations
Register 3 counter=24 after calculations
Time:50: no data available!

Data :50
Register 1 counter=13 after calculations
Register 2 counter=23 after calculations
Register 3 counter=25 after calculations
Time:51: no data available!

Data :50
Register 1 counter=13 after calculations
Register 2 counter=23 after calculations
Register 3 counter=26 after calculations
Time:52: no data available!

Data :50
Register 1 counter=13 after calculations
Register 2 counter=23 after calculations
Register 3 counter=27 after calculations
Time:53: no data available!

Data :50
Register 1 counter=13 after calculations
Register 2 counter=23 after calculations
Register 3 counter=28 after calculations
Time:54: no data available!

Data :50
Register 1 counter=13 after calculations
Register 2 counter=23 after calculations
Register 3 counter=29 after calculations
Time:55: no data available!

Data :50
Register 1 counter=13 after calculations
Register 2 counter=23 after calculations
Register 3 counter=30 after calculations
Time:56: no data available!

Data :50
Register 1 counter=13 after calculations
Register 2 counter=23 after calculations
Register 3 counter=31 after calculations
Time:57: no data available!

Data :50
Register 1 counter=13 after calculations
Register 2 counter=23 after calculations
Register 3 counter=32 after calculations
Time:58: no data available!

Data :50
Register 1 counter=13 after calculations
Register 2 counter=23 after calculations
Register 3 counter=33 after calculations
Time:59: no data available!

Data :50
Register 1 counter=13 after calculations
Register 2 counter=23 after calculations
Register 3 counter=34 after calculations
Time:60: no data available!

Data :50
Register 1 counter=13 after calculations
Register 2 counter=23 after calculations
Register 3 counter=35 after calculations
Time:61: no data available!

Data :50
Register 1 counter=13 after calculations
Register 2 counter=23 after calculations
Register 3 counter=36 after calculations
Time:62: no data available!

Data :50
Register 1 counter=13 after calculations
Register 2 counter=23 after calculations
Register 3 counter=37 after calculations
Time:63: no data available!

Data :50
Register 1 counter=13 after calculations
Register 2 counter=23 after calculations
Register 3 counter=38 after calculations
Time:64: no data available!

Data :50
Register 1 counter=13 after calculations
Register 2 counter=23 after calculations
Register 3 counter=39 after calculations
Time:65: no data available!

Data :50
Register 1 counter=13 after calculations
Register 2 counter=23 after calculations
Register 3 counter=40 after calculations
Time:66: no data available!

Data :50
Register 1 counter=13 after calculations
Register 2 counter=23 after calculations
Register 3 counter=41 after calculations
Time:67: no data available!

Data :50
Register 1 counter=13 after calculations
Register 2 counter=23 after calculations
Register 3 counter=42 after calculations
Time:68: no data available!

Data :50
Register 1 counter=13 after calculations
Register 2 counter=23 after calculations
Register 3 counter=43 after calculations
Time:69: no data available!

Data :50
Register 1 counter=13 after calculations
Register 2 counter=23 after calculations
Register 3 counter=44 after calculations
Time:70: no data available!

Data :50
Register 1 counter=13 after calculations
Register 2 counter=23 after calculations
Register 3 counter=45 after calculations
Time:71: no data available!

Data :50
Register 1 counter=13 after calculations
Register 2 counter=23 after calculations
Register 3 counter=46 after calculations
Time:72: no data available!

Data :50
Register 1 counter=13 after calculations
Register 2 counter=23 after calculations
Register 3 counter=47 after calculations
Time:73: no data available!

Data :50
Register 1 counter=13 after calculations
Register 2 counter=23 after calculations
Register 3 counter=48 after calculations
Time:74: no data available!

Data :50
Register 1 counter=13 after calculations
Register 2 counter=23 after calculations
Register 3 counter=49 after calculations
Time:75: no data available!

Data :50
Register 1 counter=13 after calculations
Register 2 counter=23 after calculations
Register 3 counter=50 after calculations
Time:76: no data available!

Data :50
Register 1 counter=13 after calculations
Register 2 counter=23 after calculations
Register 3 counter=51 after calculations
Time:77: no data available!

Data :50
Register 1 counter=13 after calculations
Register 2 counter=23 after calculations
Register 3 counter=52 after calculations
Time:78: no data available!

Data :50
Register 1 counter=13 after calculations
Register 2 counter=23 after calculations
Register 3 counter=53 after calculations
Time:79: no data available!

Data :50
Register 1 counter=13 after calculations
Register 2 counter=23 after calculations
Register 3 counter=54 after calculations
Time:80: no data available!

Data :50
Register 1 counter=13 after calculations
Register 2 counter=23 after calculations
Register 3 counter=55 after calculations
Time:81: no data available!

Data :50
Register 1 counter=13 after calculations
Register 2 counter=23 after calculations
Register 3 counter=56 after calculations
Time:82: no data available!

Data :50
Register 1 counter=13 after calculations
Register 2 counter=23 after calculations
Register 3 counter=57 after calculations
Time:83: no data available!

Data :50
Register 1 counter=13 after calculations
Register 2 counter=23 after calculations
Register 3 counter=58 after calculations
Time:84: no data available!

Data :50
Register 1 counter=13 after calculations
Register 2 counter=23 after calculations
Register 3 counter=59 after calculations
Time:85: no data available!

Data :50
Register 1 counter=13 after calculations
Register 2 counter=23 after calculations
Register 3 counter=60 after calculations
Time:86: no data available!

Data :50
Register 1 counter=13 after calculations
Register 2 counter=23 after calculations
Register 3 counter=61 after calculations
Time:87: no data available!

Data :50
Register 1 counter=13 after calculations
Register 2 counter=23 after calculations
Register 3 counter=62 after calculations
Time:88: no data available!

Data :50
Register 1 counter=13 after calculations
Register 2 counter=23 after calculations
Register 3 counter=63 after calculations
Time:89: no data available!

Data :50
Register 1 counter=13 after calculations
Register 2 counter=23 after calculations
Register 3 counter=64 after calculations
Time:90: no data available!

Data :50
Register 1 counter=13 after calculations
Register 2 counter=23 after calculations
Register 3 counter=65 after calculations
Time:91: no data available!

Data :50
Register 1 counter=13 after calculations
Register 2 counter=23 after calculations
Register 3 counter=66 after calculations
Time:92: no data available!

Data :50
Register 1 counter=13 after calculations
Register 2 counter=23 after calculations
Register 3 counter=67 after calculations
Time:93: no data available!

Data :50
Register 1 counter=13 after calculations
Register 2 counter=23 after calculations
Register 3 counter=68 after calculations
Time:94: no data available!

Data :50
Register 1 counter=13 after calculations
Register 2 counter=23 after calculations
Register 3 counter=69 after calculations
Time:95: no data available!

Data :50
Register 1 counter=13 after calculations
Register 2 counter=23 after calculations
Register 3 counter=70 after calculations
Time:96: no data available!

Data :50
Register 1 counter=13 after calculations
Register 2 counter=23 after calculations
Register 3 counter=71 after calculations
Time:97: no data available!

Data :50
Register 1 counter=13 after calculations
Register 2 counter=23 after calculations
Register 3 counter=72 after calculations
Time:98: no data available!

Data :50
Register 1 counter=13 after calculations
Register 2 counter=23 after calculations
Register 3 counter=73 after calculations
Time:99: no data available!

>----------------<
Data stream ends
>----------------<
INFO: [SIM 1] CSim done with 0 errors.
INFO: [SIM 3] *************** CSIM finish ***************
